                

                << Start of Message >>
                There was a hacking attempt on your form. 
 
                Date of Attack: 06 May 2014
                IP-Adress: ::1 

                Host of Attacker: Sarvesh-MBPro
                Point of Attack: Unknown form fields
                << End of Message >>                

                << Start of Message >>
                There was a hacking attempt on your form. 
 
                Date of Attack: 06 May 2014
                IP-Adress: ::1 

                Host of Attacker: Sarvesh-MBPro
                Point of Attack: Unknown form fields
                << End of Message >>                

                << Start of Message >>
                There was a hacking attempt on your form. 
 
                Date of Attack: 08 May 2014
                IP-Adress: ::1 

                Host of Attacker: Sarvesh-MBPro
                Point of Attack: Unknown form fields
                << End of Message >>                

                << Start of Message >>
                There was a hacking attempt on your form. 
 
                Date of Attack: 09 May 2014
                IP-Adress: ::1 

                Host of Attacker: Sarvesh-MBPro
                Point of Attack: Unknown form fields
                << End of Message >>                

                << Start of Message >>
                There was a hacking attempt on your form. 
 
                Date of Attack: 10 May 2014
                IP-Adress: 184.97.146.228 

                Host of Attacker: 184-97-146-228.mpls.qwest.net
                Point of Attack: LoginForm_token
                << End of Message >>                

                << Start of Message >>
                There was a hacking attempt on your form. 
 
                Date of Attack: 10 May 2014
                IP-Adress: 184.97.146.228 

                Host of Attacker: 184-97-146-228.mpls.qwest.net
                Point of Attack: LoginForm_token
                << End of Message >>                

                << Start of Message >>
                There was a hacking attempt on your form. 
 
                Date of Attack: 11 May 2014
                IP-Adress: 106.208.81.236 

                Host of Attacker: 106.208.81.236
                Point of Attack: RegisterForm_token
                << End of Message >>                

                << Start of Message >>
                There was a hacking attempt on your form. 
 
                Date of Attack: 19 May 2014
                IP-Adress: 174.20.11.170 

                Host of Attacker: 174-20-11-170.mpls.qwest.net
                Point of Attack: NewAvatarForm2_token
                << End of Message >>                

                << Start of Message >>
                There was a hacking attempt on your form. 
 
                Date of Attack: 19 May 2014
                IP-Adress: 174.20.11.170 

                Host of Attacker: 174-20-11-170.mpls.qwest.net
                Point of Attack: NewAvatarForm2_token
                << End of Message >>                

                << Start of Message >>
                There was a hacking attempt on your form. 
 
                Date of Attack: 20 May 2014
                IP-Adress: 174.20.11.170 

                Host of Attacker: 174-20-11-170.mpls.qwest.net
                Point of Attack: Unknown form fields
                << End of Message >>                

                << Start of Message >>
                There was a hacking attempt on your form. 
 
                Date of Attack: 20 May 2014
                IP-Adress: 174.20.11.170 

                Host of Attacker: 174-20-11-170.mpls.qwest.net
                Point of Attack: Unknown form fields
                << End of Message >>                

                << Start of Message >>
                There was a hacking attempt on your form. 
 
                Date of Attack: 22 May 2014
                IP-Adress: 69.136.101.236 

                Host of Attacker: c-69-136-101-236.hsd1.nj.comcast.net
                Point of Attack: Unknown form fields
                << End of Message >>                

                << Start of Message >>
                There was a hacking attempt on your form. 
 
                Date of Attack: 22 May 2014
                IP-Adress: 171.51.139.125 

                Host of Attacker: 171.51.139.125
                Point of Attack: LoginForm_token
                << End of Message >>                

                << Start of Message >>
                There was a hacking attempt on your form. 
 
                Date of Attack: 22 May 2014
                IP-Adress: 69.136.101.236 

                Host of Attacker: c-69-136-101-236.hsd1.nj.comcast.net
                Point of Attack: Unknown form fields
                << End of Message >>                

                << Start of Message >>
                There was a hacking attempt on your form. 
 
                Date of Attack: 25 May 2014
                IP-Adress: 69.136.101.236 

                Host of Attacker: c-69-136-101-236.hsd1.nj.comcast.net
                Point of Attack: LoginForm_token
                << End of Message >>                

                << Start of Message >>
                There was a hacking attempt on your form. 
 
                Date of Attack: 25 May 2014
                IP-Adress: 69.136.101.236 

                Host of Attacker: c-69-136-101-236.hsd1.nj.comcast.net
                Point of Attack: EditAvatarForm_token
                << End of Message >>                

                << Start of Message >>
                There was a hacking attempt on your form. 
 
                Date of Attack: 25 May 2014
                IP-Adress: 69.136.101.236 

                Host of Attacker: c-69-136-101-236.hsd1.nj.comcast.net
                Point of Attack: EditAvatarForm_token
                << End of Message >>                

                << Start of Message >>
                There was a hacking attempt on your form. 
 
                Date of Attack: 27 May 2014
                IP-Adress: 106.213.28.74 

                Host of Attacker: 106.213.28.74
                Point of Attack: LoginForm_token
                << End of Message >>                

                << Start of Message >>
                There was a hacking attempt on your form. 
 
                Date of Attack: 27 May 2014
                IP-Adress: 69.136.101.236 

                Host of Attacker: c-69-136-101-236.hsd1.nj.comcast.net
                Point of Attack: Unknown form fields
                << End of Message >>                

                << Start of Message >>
                There was a hacking attempt on your form. 
 
                Date of Attack: 28 May 2014
                IP-Adress: 69.136.101.236 

                Host of Attacker: c-69-136-101-236.hsd1.nj.comcast.net
                Point of Attack: NewAvatarForm_token
                << End of Message >>                

                << Start of Message >>
                There was a hacking attempt on your form. 
 
                Date of Attack: 28 May 2014
                IP-Adress: 69.136.101.236 

                Host of Attacker: c-69-136-101-236.hsd1.nj.comcast.net
                Point of Attack: NewAvatarForm_token
                << End of Message >>                

                << Start of Message >>
                There was a hacking attempt on your form. 
 
                Date of Attack: 01 Jun 2014
                IP-Adress: 69.136.101.236 

                Host of Attacker: c-69-136-101-236.hsd1.nj.comcast.net
                Point of Attack: LoginForm_token
                << End of Message >>                

                << Start of Message >>
                There was a hacking attempt on your form. 
 
                Date of Attack: 01 Jun 2014
                IP-Adress: 69.136.101.236 

                Host of Attacker: c-69-136-101-236.hsd1.nj.comcast.net
                Point of Attack: Unknown form fields
                << End of Message >>                

                << Start of Message >>
                There was a hacking attempt on your form. 
 
                Date of Attack: 01 Jun 2014
                IP-Adress: 69.136.101.236 

                Host of Attacker: c-69-136-101-236.hsd1.nj.comcast.net
                Point of Attack: Unknown form fields
                << End of Message >>                

                << Start of Message >>
                There was a hacking attempt on your form. 
 
                Date of Attack: 01 Jun 2014
                IP-Adress: 69.136.101.236 

                Host of Attacker: c-69-136-101-236.hsd1.nj.comcast.net
                Point of Attack: Unknown form fields
                << End of Message >>                

                << Start of Message >>
                There was a hacking attempt on your form. 
 
                Date of Attack: 01 Jun 2014
                IP-Adress: 69.136.101.236 

                Host of Attacker: c-69-136-101-236.hsd1.nj.comcast.net
                Point of Attack: FormUpdateStatus_token
                << End of Message >>                

                << Start of Message >>
                There was a hacking attempt on your form. 
 
                Date of Attack: 01 Jun 2014
                IP-Adress: 69.136.101.236 

                Host of Attacker: c-69-136-101-236.hsd1.nj.comcast.net
                Point of Attack: Unknown form fields
                << End of Message >>                

                << Start of Message >>
                There was a hacking attempt on your form. 
 
                Date of Attack: 07 Jun 2014
                IP-Adress: 69.136.101.236 

                Host of Attacker: c-69-136-101-236.hsd1.nj.comcast.net
                Point of Attack: FormUpdateStatus_token
                << End of Message >>                

                << Start of Message >>
                There was a hacking attempt on your form. 
 
                Date of Attack: 07 Jun 2014
                IP-Adress: 69.136.101.236 

                Host of Attacker: c-69-136-101-236.hsd1.nj.comcast.net
                Point of Attack: FormUpdateStatus_token
                << End of Message >>                

                << Start of Message >>
                There was a hacking attempt on your form. 
 
                Date of Attack: 07 Jun 2014
                IP-Adress: 69.136.101.236 

                Host of Attacker: c-69-136-101-236.hsd1.nj.comcast.net
                Point of Attack: FormUpdateStatus_token
                << End of Message >>                

                << Start of Message >>
                There was a hacking attempt on your form. 
 
                Date of Attack: 07 Jun 2014
                IP-Adress: 69.136.101.236 

                Host of Attacker: c-69-136-101-236.hsd1.nj.comcast.net
                Point of Attack: FormUpdateStatus_token
                << End of Message >>                

                << Start of Message >>
                There was a hacking attempt on your form. 
 
                Date of Attack: 07 Jun 2014
                IP-Adress: 69.136.101.236 

                Host of Attacker: c-69-136-101-236.hsd1.nj.comcast.net
                Point of Attack: FormUpdateStatus_token
                << End of Message >>